<?xml version="1.0" encoding="UTF-8"?>
<!-- Generated by org.testng.reporters.JUnitReportReporter -->
<testsuite hostname="seebeal" failures="0" tests="1" name="magnetosecndtest.mytest" time="5.495" errors="0" timestamp="2024-09-11T22:59:03 EET" skipped="0">
  <testcase classname="magnetosecndtest.mytest" name="CreateAnAccount" time="5.495"/>
  <system-out/>
</testsuite> <!-- magnetosecndtest.mytest -->
