<?xml version="1.0" encoding="UTF-8"?>
<!-- Generated by org.testng.reporters.JUnitReportReporter -->
<testsuite hostname="seebeal" failures="0" tests="2" name="magnetosecndtest.mytest" time="8.730" errors="0" timestamp="2024-09-13T00:11:47 EET" skipped="0">
  <testcase classname="magnetosecndtest.mytest" name="CreateAnAccount" time="5.896"/>
  <system-out/>
  <testcase classname="magnetosecndtest.mytest" name="LogIn" time="2.834"/>
  <system-out/>
</testsuite> <!-- magnetosecndtest.mytest -->
